 Diffraction intensities for potential:3x3MoS210001.in                         
#    -27     7       2.7608156453E-005
#    -27     8       4.3575590381E-005
#    -27     9       1.1576389759E-004
#    -27    10       8.8090235462E-005
#    -26     3       2.8611197175E-005
#    -26     4       4.8900657791E-005
#    -26     5       4.9064010897E-005
#    -26     6       9.9804745657E-005
#    -26     7       1.2265565381E-004
#    -26     8       1.4394112822E-004
#    -26     9       1.5459188415E-004
#    -26    10       1.7033425530E-004
#    -26    11       2.2529442639E-004
#    -26    12       1.0343750591E-004
#    -26    13       3.5111860696E-005
#    -25     1       6.1584959466E-005
#    -25     2       5.8847618976E-005
#    -25     3       9.3200055637E-005
#    -25     4       1.3192957607E-004
#    -25     5       1.0845964368E-004
#    -25     6       2.0264413026E-004
#    -25     7       2.1444533583E-004
#    -25     8       2.7191354702E-004
#    -25     9       2.2448039654E-004
#    -25    10       2.6210564142E-004
#    -25    11       3.4511130307E-004
#    -25    12       1.0303561889E-004
#    -25    13       1.2080182417E-004
#    -25    14       1.3514976251E-004
#    -24    -1       6.1589316667E-005
#    -24     0       9.7959034471E-005
#    -24     1       6.5443535498E-005
#    -24     2       9.4468199539E-005
#    -24     3       1.1695417157E-004
#    -24     4       8.2888542193E-005
#    -24     5       1.4200054483E-004
#    -24     6       3.0545268620E-004
#    -24     7       2.4285662750E-004
#    -24     8       2.2669896455E-004
#    -24     9       2.6995003853E-004
#    -24    10       3.4676601230E-004
#    -24    11       5.3013748345E-004
#    -24    12       2.2595919866E-004
#    -24    13       1.8366375726E-004
#    -24    14       9.9007224090E-005
#    -24    15       3.3762099999E-005
#    -23    -3       2.8613002968E-005
#    -23    -2       5.8855050849E-005
#    -23    -1       6.5442688759E-005
#    -23     0       7.2551642298E-005
#    -23     1       7.9473288604E-005
#    -23     2       7.9382220644E-005
#    -23     3       1.1270668147E-004
#    -23     4       1.4729064130E-004
#    -23     5       1.8388543969E-004
#    -23     6       2.7497477605E-004
#    -23     7       3.0522346766E-004
#    -23     8       3.7972048812E-004
#    -23     9       3.6268001448E-004
#    -23    10       4.0655508754E-004
#    -23    11       3.9024537344E-004
#    -23    12       3.8540177268E-004
#    -23    13       3.3507612187E-004
#    -23    14       2.9210388688E-004
#    -23    15       2.1793160835E-004
#    -22    -4       4.8904747323E-005
#    -22    -3       9.3203531970E-005
#    -22    -2       9.4464090045E-005
#    -22    -1       7.9467672947E-005
#    -22     0       3.7069943297E-005
#    -22     1       1.4403138184E-004
#    -22     2       1.4655640739E-004
#    -22     3       1.3821402670E-004
#    -22     4       1.7758492352E-004
#    -22     5       2.0953592392E-004
#    -22     6       2.8350516016E-004
#    -22     7       3.0252180365E-004
#    -22     8       3.7455889662E-004
#    -22     9       3.5261061651E-004
#    -22    10       4.0099604218E-004
#    -22    11       3.1162531747E-004
#    -22    12       1.8791306595E-004
#    -22    13       3.4423074763E-004
#    -22    14       6.5455747058E-004
#    -22    15       5.0986680802E-004
#    -22    16       2.1599053327E-004
#    -21    -5       4.9077040368E-005
#    -21    -4       1.3194147042E-004
#    -21    -3       1.1694007050E-004
#    -21    -2       7.9351202082E-005
#    -21    -1       1.4399805918E-004
#    -21     0       2.8535424303E-004
#    -21     1       2.1472194765E-004
#    -21     2       1.5761047764E-004
#    -21     3       2.8514355752E-005
#    -21     4       1.0432508470E-004
#    -21     5       1.1754697471E-004
#    -21     6       4.4149943303E-004
#    -21     7       2.0058277143E-004
#    -21     8       2.9533836547E-004
#    -21     9       4.9923961294E-004
#    -21    10       3.8158562518E-004
#    -21    11       2.9033357137E-004
#    -21    12       2.4446875835E-004
#    -21    13       2.7862779310E-004
#    -21    14       4.6878994226E-004
#    -21    15       5.3328599662E-004
#    -21    16       2.5862747594E-004
#    -20    -7       2.7618771772E-005
#    -20    -6       9.9833070571E-005
#    -20    -5       1.0846816191E-004
#    -20    -4       8.2851262903E-005
#    -20    -3       1.1263447179E-004
#    -20    -2       1.4648206875E-004
#    -20    -1       2.1468169991E-004
#    -20     0       2.2270351933E-004
#    -20     1       1.7531502451E-004
#    -20     2       1.1875412409E-004
#    -20     3       1.1264437088E-004
#    -20     4       7.7875046495E-005
#    -20     5       6.0136784285E-005
#    -20     6       6.8399288870E-005
#    -20     7       1.4475831626E-004
#    -20     8       1.9444136258E-004
#    -20     9       3.0163809950E-004
#    -20    10       3.4453623646E-004
#    -20    11       2.2712215206E-004
#    -20    12       1.3513517239E-004
#    -20    13       2.3290818410E-004
#    -20    14       3.2598391069E-004
#    -20    15       6.4579473009E-004
#    -20    16       1.7848345531E-004
#    -19    -8       4.3604570386E-005
#    -19    -7       1.2269596909E-004
#    -19    -6       2.0262198035E-004
#    -19    -5       1.4192179252E-004
#    -19    -4       1.4717028225E-004
#    -19    -3       1.3813657456E-004
#    -19    -2       1.5758544299E-004
#    -19    -1       1.7534098391E-004
#    -19     0       1.6165388876E-004
#    -19     1       1.7700272913E-004
#    -19     2       9.2308740885E-005
#    -19     3       4.5755049853E-005
#    -19     4       2.7387695159E-005
#    -19     5       4.1152493042E-005
#    -19     6       6.6114865137E-005
#    -19     7       8.6355757570E-005
#    -19     8       6.0036413255E-005
#    -19     9       5.0532354821E-005
#    -19    10       1.0445321586E-004
#    -19    11       1.5059713861E-004
#    -19    12       1.1549111890E-004
#    -19    13       4.0242062711E-004
#    -19    14       4.9594120928E-004
#    -19    15       3.1002813061E-004
#    -19    16       6.1848741299E-005
#    -18    -9       1.1579938987E-004
#    -18    -8       1.4397558462E-004
#    -18    -7       2.1441905116E-004
#    -18    -6       3.0527800034E-004
#    -18    -5       1.8372609015E-004
#    -18    -4       1.7750460093E-004
#    -18    -3       2.8541367330E-005
#    -18    -2       1.1886542053E-004
#    -18    -1       1.7711083313E-004
#    -18     0       7.3637513846E-004
#    -18     1       6.8624799612E-005
#    -18     2       2.3209967170E-005
#    -18     3       8.0088932314E-004
#    -18     4       3.4765948873E-005
#    -18     5       2.5964743903E-005
#    -18     6       8.9986893436E-004
#    -18     7       4.0327654899E-005
#    -18     8       6.0706156482E-005
#    -18     9       6.9287635371E-004
#    -18    10       1.3403749405E-006
#    -18    11       2.6863666478E-005
#    -18    12       3.5471530939E-005
#    -18    13       3.4505309778E-004
#    -18    14       6.5036554594E-004
#    -18    15       4.2863958303E-004
#    -18    16       1.6231344541E-004
#    -17   -10       8.8110021626E-005
#    -17    -9       1.5461325099E-004
#    -17    -8       2.7184385532E-004
#    -17    -7       2.4265488066E-004
#    -17    -6       2.7476570821E-004
#    -17    -5       2.0952796911E-004
#    -17    -4       1.0445551647E-004
#    -17    -3       1.1284842143E-004
#    -17    -2       9.2461188968E-005
#    -17    -1       6.8668711426E-005
#    -17     0       5.3616893442E-005
#    -17     1       5.4185209696E-005
#    -17     2       4.8042214206E-005
#    -17     3       9.3974046820E-005
#    -17     4       1.1143421671E-004
#    -17     5       4.8470873185E-005
#    -17     6       7.0889050618E-005
#    -17     7       2.1616906989E-004
#    -17     8       2.9850612577E-004
#    -17     9       2.8576825630E-004
#    -17    10       5.4555530571E-005
#    -17    11       3.1700426258E-005
#    -17    12       2.9949883891E-005
#    -17    13       2.7950177561E-004
#    -17    14       3.4733429635E-004
#    -17    15       5.9318387500E-004
#    -17    16       9.5550647482E-005
#    -16   -10       1.7032791201E-004
#    -16    -9       2.2439328083E-004
#    -16    -8       2.2651056893E-004
#    -16    -7       3.0504561236E-004
#    -16    -6       2.8358290021E-004
#    -16    -5       1.1777731821E-004
#    -16    -4       7.8097927101E-005
#    -16    -3       4.5895821190E-005
#    -16    -2       2.3216873688E-005
#    -16    -1       5.4114586848E-005
#    -16     0       1.1455292812E-004
#    -16     1       4.9599537566E-005
#    -16     2       6.7707628816E-005
#    -16     3       2.0035286246E-004
#    -16     4       2.3487206356E-004
#    -16     5       1.9972059369E-004
#    -16     6       2.9175527730E-004
#    -16     7       3.6205412921E-004
#    -16     8       3.4456864236E-004
#    -16     9       1.9524544102E-004
#    -16    10       4.9607527163E-005
#    -16    11       2.8120574217E-005
#    -16    12       4.9210189727E-005
#    -16    13       6.3607606857E-005
#    -16    14       2.1515751534E-004
#    -16    15       1.1151863099E-004
#    -16    16       2.5002176737E-004
#    -15   -11       2.2527972451E-004
#    -15   -10       2.6201885843E-004
#    -15    -9       2.6978114171E-004
#    -15    -8       3.7957369789E-004
#    -15    -7       3.0266521176E-004
#    -15    -6       4.4200201032E-004
#    -15    -5       6.0319620654E-005
#    -15    -4       2.7482845638E-005
#    -15    -3       8.0154531504E-004
#    -15    -2       4.7931698280E-005
#    -15    -1       4.9542369593E-005
#    -15     0       2.5013150262E-003
#    -15     1       5.0814231552E-005
#    -15     2       1.6723910758E-004
#    -15     3       3.3283529996E-003
#    -15     4       1.3629877330E-004
#    -15     5       1.0986162986E-004
#    -15     6       5.4871936156E-003
#    -15     7       2.4306478137E-004
#    -15     8       2.6709370273E-004
#    -15     9       3.0979584467E-003
#    -15    10       5.9519278517E-005
#    -15    11       1.5015644572E-005
#    -15    12       9.0694316579E-004
#    -15    13       1.5607992423E-004
#    -15    14       3.3591459997E-004
#    -15    15       3.6448104682E-004
#    -15    16       2.0527209929E-004
#    -14   -12       1.0341935626E-004
#    -14   -11       3.4505813981E-004
#    -14   -10       3.4666504508E-004
#    -14    -9       3.6259905955E-004
#    -14    -8       3.7472732634E-004
#    -14    -7       2.0089636605E-004
#    -14    -6       6.8491570123E-005
#    -14    -5       4.1138919865E-005
#    -14    -4       3.4713354716E-005
#    -14    -3       9.3881770129E-005
#    -14    -2       6.7646048087E-005
#    -14    -1       5.0835213567E-005
#    -14     0       2.5515192788E-004
#    -14     1       3.9783913760E-004
#    -14     2       2.3184037233E-004
#    -14     3       3.4643066009E-005
#    -14     4       1.1005920904E-005
#    -14     5       5.2996518759E-005
#    -14     6       2.7925935812E-004
#    -14     7       5.2040658161E-004
#    -14     8       4.4951886878E-004
#    -14     9       1.5968105927E-004
#    -14    10       1.5794306902E-004
#    -14    11       9.6344450215E-005
#    -14    12       2.9327866522E-004
#    -14    13       2.1260784585E-004
#    -14    14       4.2294885960E-004
#    -14    15       4.1465446153E-004
#    -14    16       1.6097237400E-004
#    -13   -13       3.5102369642E-005
#    -13   -12       1.0303128898E-004
#    -13   -11       5.3008147051E-004
#    -13   -10       4.0655013436E-004
#    -13    -9       3.5275888617E-004
#    -13    -8       2.9561484484E-004
#    -13    -7       1.4479870399E-004
#    -13    -6       6.6010118190E-005
#    -13    -5       2.5907180074E-005
#    -13    -4       1.1143253865E-004
#    -13    -3       2.0033560030E-004
#    -13    -2       1.6729620174E-004
#    -13    -1       3.9790796730E-004
#    -13     0       5.8891828745E-004
#    -13     1       2.7366859194E-004
#    -13     2       3.4861047409E-005
#    -13     3       1.6611634022E-004
#    -13     4       2.9934162290E-004
#    -13     5       4.8489759140E-004
#    -13     6       8.3661085870E-004
#    -13     7       1.0214093701E-003
#    -13     8       6.0114691683E-004
#    -13     9       4.7642786232E-004
#    -13    10       1.8608326027E-004
#    -13    11       1.3740123822E-004
#    -13    12       8.0110345261E-005
#    -13    13       4.6550873185E-004
#    -13    14       8.7698089507E-004
#    -13    15       5.6278797253E-004
#    -12   -13       1.2081997225E-004
#    -12   -12       2.2599904073E-004
#    -12   -11       3.9030610740E-004
#    -12   -10       4.0110407126E-004
#    -12    -9       4.9947190715E-004
#    -12    -8       1.9449855624E-004
#    -12    -7       8.6245487664E-005
#    -12    -6       8.9972151335E-004
#    -12    -5       4.8547472376E-005
#    -12    -4       2.3498509905E-004
#    -12    -3       3.3277953645E-003
#    -12    -2       2.3194945608E-004
#    -12    -1       2.7373401414E-004
#    -12     0       1.4334980182E-002
#    -12     1       1.5388871883E-005
#    -12     2       1.4719554259E-004
#    -12     3       1.2583894195E-002
#    -12     4       3.3280189892E-004
#    -12     5       4.9945426637E-004
#    -12     6       8.0828359092E-003
#    -12     7       7.2341440889E-004
#    -12     8       5.2815223648E-004
#    -12     9       1.5510442301E-003
#    -12    10       3.7085866771E-004
#    -12    11       3.7296955503E-004
#    -12    12       1.7402094836E-003
#    -12    13       2.4375735405E-004
#    -12    14       1.7485860831E-004
#    -12    15       2.4179221130E-003
#    -11   -14       1.3515811291E-004
#    -11   -13       1.8373044001E-004
#    -11   -12       3.8548546063E-004
#    -11   -11       3.1164521906E-004
#    -11   -10       3.8161807457E-004
#    -11    -9       3.0167140368E-004
#    -11    -8       5.9993395251E-005
#    -11    -7       4.0265843930E-005
#    -11    -6       7.0976782389E-005
#    -11    -5       1.9992725539E-004
#    -11    -4       1.3643911867E-004
#    -11    -3       3.4699712953E-005
#    -11    -2       3.4874514295E-005
#    -11    -1       1.5381453808E-005
#    -11     0       3.5318417707E-004
#    -11     1       6.8775265421E-004
#    -11     2       4.3132051033E-004
#    -11     3       1.3580485098E-004
#    -11     4       1.6869402666E-004
#    -11     5       3.7446217374E-004
#    -11     6       2.2892382071E-004
#    -11     7       2.4442313054E-004
#    -11     8       4.7788352489E-004
#    -11     9       7.0423799683E-004
#    -11    10       2.9255886327E-004
#    -11    11       7.2147979293E-005
#    -11    12       2.1263355098E-004
#    -11    13       2.3390490917E-004
#    -11    14       5.3813290705E-004
#    -10   -14       9.9048365241E-005
#    -10   -13       3.3516028760E-004
#    -10   -12       1.8791720816E-004
#    -10   -11       2.9023127119E-004
#    -10   -10       3.4448611687E-004
#    -10    -9       5.0544916286E-005
#    -10    -8       6.0665402667E-005
#    -10    -7       2.1618114910E-004
#    -10    -6       2.9194958894E-004
#    -10    -5       1.0999910344E-004
#    -10    -4       1.0986104944E-005
#    -10    -3       1.6603571225E-004
#    -10    -2       1.4710778262E-004
#    -10    -1       6.8765393101E-004
#    -10     0       1.5130759927E-003
#    -10     1       1.2592123744E-003
#    -10     2       6.6235188924E-004
#    -10     3       7.6203670901E-004
#    -10     4       7.0396439082E-004
#    -10     5       2.5826197411E-004
#    -10     6       2.5496527814E-005
#    -10     7       7.1657085144E-005
#    -10     8       2.1836656449E-004
#    -10     9       1.8866332143E-004
#    -10    10       1.7083442031E-004
#    -10    11       1.7016918808E-004
#    -10    12       5.8956753082E-004
#    -10    13       2.3987924879E-004
#    -10    14       7.0639483211E-004
#     -9   -15       3.3785704746E-005
#     -9   -14       2.9217202059E-004
#     -9   -13       3.4424740697E-004
#     -9   -12       2.4434854486E-004
#     -9   -11       2.2702077218E-004
#     -9   -10       1.0449340968E-004
#     -9    -9       6.9293656062E-004
#     -9    -8       2.9841554147E-004
#     -9    -7       3.6212865385E-004
#     -9    -6       5.4874771187E-003
#     -9    -5       5.2942149353E-005
#     -9    -4       2.9924964600E-004
#     -9    -3       1.2584366835E-002
#     -9    -2       4.3125294436E-004
#     -9    -1       1.2591463656E-003
#     -9     0       2.7127560365E-002
#     -9     1       1.1873452602E-003
#     -9     2       8.1106127224E-004
#     -9     3       2.4241684305E-002
#     -9     4       3.6458475935E-004
#     -9     5       9.0270874983E-005
#     -9     6       1.2253312333E-002
#     -9     7       3.9147570588E-004
#     -9     8       2.0106230996E-004
#     -9     9       1.5035127140E-002
#     -9    10       3.5937627777E-004
#     -9    11       2.7647579449E-004
#     -9    12       7.3420280076E-004
#     -9    13       4.0613575699E-004
#     -8   -15       2.1798784063E-004
#     -8   -14       6.5456112790E-004
#     -8   -13       2.7851181229E-004
#     -8   -12       1.3499457389E-004
#     -8   -11       1.5063159407E-004
#     -8   -10       1.3287590288E-006
#     -8    -9       2.8555545232E-004
#     -8    -8       3.4449824373E-004
#     -8    -7       2.4314650725E-004
#     -8    -6       2.7927738912E-004
#     -8    -5       4.8489270069E-004
#     -8    -4       3.3282608922E-004
#     -8    -3       1.3580782300E-004
#     -8    -2       6.6231963074E-004
#     -8    -1       1.1873479143E-003
#     -8     0       7.1341285597E-004
#     -8     1       1.8430610724E-004
#     -8     2       6.4098560507E-005
#     -8     3       5.0573481058E-005
#     -8     4       2.6231703197E-004
#     -8     5       5.4948293094E-004
#     -8     6       9.5856998238E-004
#     -8     7       6.6301707971E-004
#     -8     8       3.2885352290E-004
#     -8     9       8.5702948031E-004
#     -8    10       5.3978149463E-004
#     -8    11       3.2136339506E-004
#     -8    12       4.3121381125E-005
#     -8    13       2.1320614622E-003
#     -7   -15       5.0976885686E-004
#     -7   -14       4.6864948634E-004
#     -7   -13       2.3270386171E-004
#     -7   -12       1.1545528933E-004
#     -7   -11       2.6894794910E-005
#     -7   -10       5.4424674501E-005
#     -7    -9       1.9508684929E-004
#     -7    -8       2.6716664215E-004
#     -7    -7       5.2058371661E-004
#     -7    -6       8.3682402493E-004
#     -7    -5       4.9963213105E-004
#     -7    -4       1.6873492493E-004
#     -7    -3       7.6202168442E-004
#     -7    -2       8.1105151294E-004
#     -7    -1       1.8430982752E-004
#     -7     0       6.6640628624E-005
#     -7     1       4.4944362596E-004
#     -7     2       1.0354244269E-003
#     -7     3       1.7106124104E-003
#     -7     4       1.4948963843E-003
#     -7     5       6.4320154286E-004
#     -7     6       8.8691790496E-004
#     -7     7       5.1212083881E-004
#     -7     8       1.1362405336E-003
#     -7     9       6.5637495269E-004
#     -7    10       2.7509957398E-005
#     -7    11       6.4264880236E-004
#     -7    12       8.4840348132E-004
#     -6   -16       2.1594742775E-004
#     -6   -15       5.3314686818E-004
#     -6   -14       3.2580781859E-004
#     -6   -13       4.0223880958E-004
#     -6   -12       3.5552698121E-005
#     -6   -11       3.1588817633E-005
#     -6   -10       4.9543618959E-005
#     -6    -9       3.0982449418E-003
#     -6    -8       4.4980604829E-004
#     -6    -7       1.0218490134E-003
#     -6    -6       8.0817851287E-003
#     -6    -5       3.7464567514E-004
#     -6    -4       7.0401365494E-004
#     -6    -3       2.4242438395E-002
#     -6    -2       6.4098061856E-005
#     -6    -1       4.4939744337E-004
#     -6     0       3.8828895780E-002
#     -6     1       2.2320735526E-003
#     -6     2       2.3435204769E-003
#     -6     3       1.5735954385E-002
#     -6     4       1.0667742033E-003
#     -6     5       8.1629799782E-004
#     -6     6       1.4894853783E-002
#     -6     7       3.7738422749E-004
#     -6     8       3.9845302647E-004
#     -6     9       2.2946918654E-002
#     -6    10       6.6210799297E-004
#     -6    11       5.2819505568E-004
#     -5   -16       2.5854956853E-004
#     -5   -15       6.4565905303E-004
#     -5   -14       4.9582048846E-004
#     -5   -13       3.4499356859E-004
#     -5   -12       3.0029944385E-005
#     -5   -11       2.8062060594E-005
#     -5   -10       5.9589165124E-005
#     -5    -9       1.5991770272E-004
#     -5    -8       6.0158821078E-004
#     -5    -7       7.2380669226E-004
#     -5    -6       2.2912998045E-004
#     -5    -5       2.5835842203E-004
#     -5    -4       3.6466527235E-004
#     -5    -3       5.0605135920E-005
#     -5    -2       1.0353630621E-003
#     -5    -1       2.2319907136E-003
#     -5     0       2.1884759860E-003
#     -5     1       1.2645413075E-003
#     -5     2       7.3754060543E-004
#     -5     3       3.1243337925E-004
#     -5     4       2.0748840997E-004
#     -5     5       1.4702388159E-004
#     -5     6       5.2344639313E-004
#     -5     7       8.0235931546E-004
#     -5     8       1.0081200922E-004
#     -5     9       4.0893780958E-004
#     -5    10       1.9262081846E-003
#     -5    11       1.2579628161E-003
#     -4   -16       1.7843850378E-004
#     -4   -15       3.0996770783E-004
#     -4   -14       6.5034635463E-004
#     -4   -13       2.7954949745E-004
#     -4   -12       4.9286240900E-005
#     -4   -11       1.5056073127E-005
#     -4   -10       1.5817681373E-004
#     -4    -9       4.7687934876E-004
#     -4    -8       5.2850448975E-004
#     -4    -7       2.4454102487E-004
#     -4    -6       2.5492261218E-005
#     -4    -5       9.0298063733E-005
#     -4    -4       2.6227494454E-004
#     -4    -3       1.7105440438E-003
#     -4    -2       2.3434998534E-003
#     -4    -1       1.2645444222E-003
#     -4     0       6.4054289766E-004
#     -4     1       4.4111501044E-005
#     -4     2       5.0483570997E-004
#     -4     3       8.6055989977E-004
#     -4     4       7.4236748687E-004
#     -4     5       1.7842185979E-004
#     -4     6       1.6943072238E-003
#     -4     7       1.5530299073E-003
#     -4     8       1.4657026992E-004
#     -4     9       2.5355767812E-003
#     -4    10       1.5670804494E-003
#     -3   -16       6.1844386875E-005
#     -3   -15       4.2876191527E-004
#     -3   -14       3.4747167957E-004
#     -3   -13       6.3710575502E-005
#     -3   -12       9.0741707823E-004
#     -3   -11       9.6564988174E-005
#     -3   -10       1.8636200775E-004
#     -3    -9       1.5502612774E-003
#     -3    -8       4.7805273965E-004
#     -3    -7       7.1572190635E-005
#     -3    -6       1.2253144391E-002
#     -3    -5       5.4943972233E-004
#     -3    -4       1.4948243044E-003
#     -3    -3       1.5736119630E-002
#     -3    -2       7.3756694163E-004
#     -3    -1       4.4113294294E-005
#     -3     0       1.0340614494E-002
#     -3     1       1.0394491092E-003
#     -3     2       1.7128247319E-003
#     -3     3       1.1226216371E-003
#     -3     4       7.5478122912E-005
#     -3     5       1.9171761516E-003
#     -3     6       5.2700754406E-002
#     -3     7       2.8822250522E-003
#     -3     8       6.8096800854E-005
#     -3     9       2.1864607902E-002
#     -2   -16       1.6234116675E-004
#     -2   -15       5.9324023309E-004
#     -2   -14       2.1532066029E-004
#     -2   -13       1.5628391426E-004
#     -2   -12       2.9362042977E-004
#     -2   -11       1.3764900710E-004
#     -2   -10       3.7126301573E-004
#     -2    -9       7.0459670632E-004
#     -2    -8       2.1841378941E-004
#     -2    -7       3.9134431418E-004
#     -2    -6       9.5855658473E-004
#     -2    -5       6.4320454549E-004
#     -2    -4       1.0667926101E-003
#     -2    -3       3.1246560800E-004
#     -2    -2       5.0485053028E-004
#     -2    -1       1.0394821465E-003
#     -2     0       2.8832725827E-004
#     -2     1       3.9558256863E-005
#     -2     2       3.8660317643E-004
#     -2     3       4.3717456584E-004
#     -2     4       1.2263774584E-003
#     -2     5       1.8854592425E-003
#     -2     6       2.0587931998E-003
#     -2     7       7.8543316026E-004
#     -2     8       1.8724099773E-004
#     -1   -16       9.5578184609E-005
#     -1   -15       1.1160366768E-004
#     -1   -14       3.3613148159E-004
#     -1   -13       2.1276619388E-004
#     -1   -12       8.0279130143E-005
#     -1   -11       3.7319467778E-004
#     -1   -10       2.9274320906E-004
#     -1    -9       1.8874543408E-004
#     -1    -8       2.0092637069E-004
#     -1    -7       6.6299223339E-004
#     -1    -6       8.8690969302E-004
#     -1    -5       8.1631574407E-004
#     -1    -4       2.0754882403E-004
#     -1    -3       8.6064880049E-004
#     -1    -2       1.7129551228E-003
#     -1    -1       3.9569189893E-005
#     -1     0       1.0326535548E-003
#     -1     1       1.4289547575E-003
#     -1     2       3.2294122773E-004
#     -1     3       8.0954231532E-004
#     -1     4       3.3526373967E-004
#     -1     5       5.5209758273E-004
#     -1     6       1.9244751993E-003
#     -1     7       9.1788659828E-004
#      0   -16       2.5008418182E-004
#      0   -15       3.6453908819E-004
#      0   -14       4.2312019724E-004
#      0   -13       4.6568929974E-004
#      0   -12       1.7394907137E-003
#      0   -11       7.2241744801E-005
#      0   -10       1.7071233928E-004
#      0    -9       1.5034165548E-002
#      0    -8       3.2888411627E-004
#      0    -7       5.1213052303E-004
#      0    -6       1.4895393438E-002
#      0    -5       1.4700951692E-004
#      0    -4       7.4254892080E-004
#      0    -3       1.1224299057E-003
#      0    -2       3.8671448317E-004
#      0    -1       1.4288252324E-003
#      0     0       3.7636251531E-002
#      0     1       4.1395526729E-003
#      0     2       4.5122877364E-004
#      0     3       7.8150300605E-003
#      0     4       1.1653593023E-003
#      0     5       2.0128758165E-004
#      0     6       1.3852271132E-002
#      1   -16       2.0534203856E-004
#      1   -15       4.1477872919E-004
#      1   -14       8.7718606270E-004
#      1   -13       2.4370243424E-004
#      1   -12       2.1243392939E-004
#      1   -11       1.7004090811E-004
#      1   -10       3.5934191285E-004
#      1    -9       8.5709992136E-004
#      1    -8       1.1363540139E-003
#      1    -7       3.7732134509E-004
#      1    -6       5.2324849665E-004
#      1    -5       1.7833003811E-004
#      1    -4       7.5495917577E-005
#      1    -3       4.3730563227E-004
#      1    -2       3.2284076141E-004
#      1    -1       4.1393420588E-003
#      1     0       5.2811935094E-003
#      1     1       5.1941777239E-004
#      1     2       5.2659439679E-004
#      1     3       2.1138801740E-003
#      1     4       3.4431238581E-004
#      1     5       7.0968487619E-004
#      2   -16       1.6103399023E-004
#      2   -15       5.6279720095E-004
#      2   -14       1.7496079138E-004
#      2   -13       2.3380134581E-004
#      2   -12       5.8934060562E-004
#      2   -11       2.7652493026E-004
#      2   -10       5.3975365194E-004
#      2    -9       6.5638147738E-004
#      2    -8       3.9838155590E-004
#      2    -7       8.0213475810E-004
#      2    -6       1.6939749523E-003
#      2    -5       1.9168497969E-003
#      2    -4       1.2263385252E-003
#      2    -3       8.0972813691E-004
#      2    -2       4.5124794750E-004
#      2    -1       5.1936945390E-004
#      2     0       7.3103498219E-004
#      2     1       2.5614943346E-003
#      2     2       2.7617603532E-003
#      2     3       2.6936681230E-004
#      3   -15       2.4177604632E-003
#      3   -14       5.3795047455E-004
#      3   -13       2.3984066995E-004
#      3   -12       7.3421662307E-004
#      3   -11       3.2138867026E-004
#      3   -10       2.7512570804E-005
#      3    -9       2.2947915015E-002
#      3    -8       1.0074922612E-004
#      3    -7       1.5528618058E-003
#      3    -6       5.2701773238E-002
#      3    -5       1.8852998489E-003
#      3    -4       3.3536110262E-004
#      3    -3       7.8147549199E-003
#      3    -2       5.2665865299E-004
#      3    -1       2.5615191476E-003
#      3     0       6.7671913300E-002
#      3     1       1.9111694694E-003
#      3     2       8.2680226191E-004
#      4   -14       7.0633801013E-004
#      4   -13       4.0614045850E-004
#      4   -12       4.3173459560E-005
#      4   -11       6.4263727046E-004
#      4   -10       6.6198766741E-004
#      4    -9       4.0888003543E-004
#      4    -8       1.4653431130E-004
#      4    -7       2.8822161829E-003
#      4    -6       2.0585948985E-003
#      4    -5       5.5197676389E-004
#      4    -4       1.1654912376E-003
#      4    -3       2.1139950486E-003
#      4    -2       2.7618614104E-003
#      4    -1       1.9111601927E-003
#      4     0       4.2329631919E-003
#      5   -13       2.1321718518E-003
#      5   -12       8.4847755817E-004
#      5   -11       5.2811198263E-004
#      5   -10       1.9260054631E-003
#      5    -9       2.5354535764E-003
#      5    -8       6.8064658700E-005
#      5    -7       7.8531828801E-004
#      5    -6       1.9243136853E-003
#      5    -5       2.0126433833E-004
#      5    -4       3.4434053394E-004
#      5    -3       2.6935863593E-004
#      5    -2       8.2682012260E-004
#      6   -11       1.2578419022E-003
#      6   -10       1.5669420601E-003
#      6    -9       2.1865191482E-002
#      6    -8       1.8718238858E-004
#      6    -7       9.1788729688E-004
#      6    -6       1.3852328730E-002
#      6    -5       7.0969199208E-004
